{
  "RSpec": {
    "coverage": {
      "/Users/jeremyfox/Ruby/TechTests/vending-machine/lib/basket.rb": [
        1,
        null,
        1,
        null,
        1,
        3,
        3,
        null,
        null,
        1,
        1,
        null,
        null,
        null
      ],
      "/Users/jeremyfox/Ruby/TechTests/vending-machine/lib/change.rb": [
        1,
        null,
        1,
        null,
        null,
        null,
        null,
        null,
        null,
        null,
        null,
        null,
        null,
        null,
        null,
        1,
        1,
        null,
        1,
        7,
        7,
        7,
        null,
        null,
        1,
        1,
        null,
        null,
        1,
        1,
        null,
        null,
        1,
        7,
        null,
        null,
        1,
        1,
        null,
        null,
        1,
        null,
        1,
        1,
        null,
        null,
        1,
        1,
        5,
        5,
        null,
        null,
        null,
        1,
        6,
        null,
        null,
        1,
        3,
        null,
        null,
        1,
        1,
        null,
        null,
        1,
        7,
        null,
        null,
        1,
        1,
        null,
        null,
        1,
        9,
        null,
        null,
        1,
        7,
        null,
        null,
        null,
        null
      ],
      "/Users/jeremyfox/Ruby/TechTests/vending-machine/lib/product.rb": [
        1,
        null,
        1,
        null,
        1,
        2,
        2,
        null,
        null,
        null
      ],
      "/Users/jeremyfox/Ruby/TechTests/vending-machine/lib/vending_machine.rb": [
        1,
        null,
        1,
        null,
        1,
        9,
        9,
        null,
        null,
        1,
        3,
        null,
        2,
        1,
        null,
        null,
        1,
        null,
        1,
        null,
        null,
        null,
        null,
        1,
        1,
        1,
        1,
        null,
        null,
        1,
        4,
        3,
        null,
        null,
        1,
        3,
        null,
        null,
        1,
        2,
        null,
        null,
        null,
        1,
        2,
        null,
        null,
        null,
        1,
        33,
        null,
        null,
        1,
        16,
        null,
        null,
        1,
        2,
        null,
        null,
        1,
        1,
        null,
        null,
        1,
        12,
        null,
        null,
        1,
        4,
        null,
        null,
        1,
        1,
        null,
        null,
        1,
        null,
        1,
        null,
        1,
        0,
        null,
        null,
        1,
        0,
        null,
        null,
        1,
        1,
        null,
        null,
        1,
        1,
        null,
        null,
        1,
        1,
        null,
        null,
        1,
        1,
        null,
        null,
        1,
        1,
        null,
        null,
        1,
        1,
        null,
        null,
        1,
        3,
        null,
        null,
        1,
        2,
        null,
        null,
        null
      ]
    },
    "timestamp": 1411408014
  }
}
